#
# A fatal error has been detected by the Java Runtime Environment:
#
#  EXCEPTION_ACCESS_VIOLATION (0xc0000005) at pc=0x000000005dd32ce2, pid=7440, tid=0x0000000000003b28
#
# JRE version: OpenJDK Runtime Environment (8.0_202-b03) (build 1.8.0_202-release-1483-b03)
# Java VM: OpenJDK 64-Bit Server VM (25.202-b03 mixed mode windows-amd64 compressed oops)
# Problematic frame:
# V  [jvm.dll+0x4e2ce2]
#
# Failed to write core dump. Minidumps are not enabled by default on client versions of Windows
#
# If you would like to submit a bug report, please visit:
#   http://bugreport.java.com/bugreport/crash.jsp
#

---------------  T H R E A D  ---------------

Current thread (0x0000000018f8a800):  JavaThread "C2 CompilerThread1" daemon [_thread_in_native, id=15144, stack(0x00000000198e0000,0x00000000199e0000)]

siginfo: ExceptionCode=0xc0000005, reading address 0x000000002028ec46

Registers:
RAX=0x0000000000000001, RBX=0x0000000000000004, RCX=0x0000000000000000, RDX=0x000000000000000a
RSP=0x00000000199dbde0, RBP=0x00000000199dbee0, RSI=0x00000000191ea7a1, RDI=0x000000001dfc06b8
R8 =0x0000000000000002, R9 =0x000000002147efe0, R10=0x0000000000000007, R11=0x000000000000001c
R12=0x0000000000000001, R13=0x00000000199dc4d0, R14=0x000000002147ef00, R15=0x0000000000000000
RIP=0x000000005dd32ce2, EFLAGS=0x0000000000010203

Top of Stack: (sp=0x00000000199dbde0)
0x00000000199dbde0:   000000005dfe8870 0000000000000012
0x00000000199dbdf0:   0000000000000012 0000000000000008
0x00000000199dbe00:   000000000000081c 00000000191eeb30
0x00000000199dbe10:   0000000023e71680 00000000199dc0a0
0x00000000199dbe20:   0000000000000003 00007ffe00000002
0x00000000199dbe30:   000000000000001b 000000002147efe0
0x00000000199dbe40:   0000000000000002 0000000000000002
0x00000000199dbe50:   00000000191ea7a1 0000000200000007
0x00000000199dbe60:   000007a800000000 00000000199dc1b0
0x00000000199dbe70:   000000000000000f 0000000023e6bec0
0x00000000199dbe80:   0000000000000001 000007a800000007
0x00000000199dbe90:   00000000199dc1b0 000000000000000f
0x00000000199dbea0:   0000000023e6a020 0000000000000119
0x00000000199dbeb0:   00000000191ea768 0000000022bbbda0
0x00000000199dbec0:   ffffffffe6e158a0 00000000000003d8
0x00000000199dbed0:   0000000022bbc178 0000000022bbbd90 

Instructions: (pc=0x000000005dd32ce2)
0x000000005dd32cc2:   14 c1 48 8b 4d 60 48 8b 04 c1 48 8b 4d 18 48 8b
0x000000005dd32cd2:   0c 01 48 8b 45 d0 48 89 08 48 8b 45 30 48 03 c6
0x000000005dd32ce2:   0f b6 0c 10 88 0e e9 21 02 00 00 48 8b 85 80 02
0x000000005dd32cf2:   00 00 48 8b 70 10 48 83 be b0 01 00 00 af 76 18 


Register to memory mapping:

RAX=0x0000000000000001 is an unknown value
RBX=0x0000000000000004 is an unknown value
RCX=0x0000000000000000 is an unknown value
RDX=0x000000000000000a is an unknown value
RSP=0x00000000199dbde0 is pointing into the stack for thread: 0x0000000018f8a800
RBP=0x00000000199dbee0 is pointing into the stack for thread: 0x0000000018f8a800
RSI=0x00000000191ea7a1 is an unknown value
RDI=0x000000001dfc06b8 is an unknown value
R8 =0x0000000000000002 is an unknown value
R9 =0x000000002147efe0 is an unknown value
R10=0x0000000000000007 is an unknown value
R11=0x000000000000001c is an unknown value
R12=0x0000000000000001 is an unknown value
R13=0x00000000199dc4d0 is pointing into the stack for thread: 0x0000000018f8a800
R14=0x000000002147ef00 is an unknown value
R15=0x0000000000000000 is an unknown value


Stack: [0x00000000198e0000,0x00000000199e0000],  sp=0x00000000199dbde0,  free space=1007k
Native frames: (J=compiled Java code, j=interpreted, Vv=VM code, C=native code)
V  [jvm.dll+0x4e2ce2]
V  [jvm.dll+0x436e32]
V  [jvm.dll+0x4419bb]
V  [jvm.dll+0x4442b8]
V  [jvm.dll+0x4273d2]
V  [jvm.dll+0x8215f]
V  [jvm.dll+0x82abf]
V  [jvm.dll+0x21db7f]
V  [jvm.dll+0x26f5ba]
C  [msvcr100.dll+0x21d9f]
C  [msvcr100.dll+0x21e3b]
C  [KERNEL32.DLL+0x17c24]
C  [ntdll.dll+0x6cea1]


Current CompileTask:
C2:5984403 35249       4       org.gradle.internal.logging.progress.DefaultProgressLoggerFactory$ProgressLoggerImpl::started (191 bytes)


---------------  P R O C E S S  ---------------

Java Threads: ( => current thread )
  0x000000001e13b000 JavaThread "Cache worker for file content cache (C:\Users\Owner\Desktop\Project\main\.gradle\5.4.1\fileContent)" [_thread_blocked, id=8196, stack(0x0000000028ec0000,0x0000000028fc0000)]
  0x000000001e141800 JavaThread "Cache worker for Build Output Cleanup Cache (C:\Users\Owner\Desktop\Project\main\.gradle\buildOutputCleanup)" [_thread_blocked, id=12560, stack(0x00000000283c0000,0x00000000284c0000)]
  0x000000001e13a000 JavaThread "Build operations Thread 8" [_thread_blocked, id=13836, stack(0x00000000281c0000,0x00000000282c0000)]
  0x000000001e141000 JavaThread "Build operations Thread 7" [_thread_blocked, id=5916, stack(0x00000000280c0000,0x00000000281c0000)]
  0x000000001e13b800 JavaThread "Build operations Thread 6" [_thread_blocked, id=14592, stack(0x0000000027500000,0x0000000027600000)]
  0x000000001e139800 JavaThread "Build operations Thread 5" [_thread_blocked, id=17024, stack(0x0000000024dd0000,0x0000000024ed0000)]
  0x000000001e138800 JavaThread "Build operations Thread 4" [_thread_blocked, id=6012, stack(0x00000000236d0000,0x00000000237d0000)]
  0x000000001e13d000 JavaThread "Build operations Thread 3" [_thread_blocked, id=8516, stack(0x00000000235d0000,0x00000000236d0000)]
  0x000000001e137000 JavaThread "Build operations Thread 2" [_thread_blocked, id=1480, stack(0x00000000234d0000,0x00000000235d0000)]
  0x000000001f743800 JavaThread "Build operations" [_thread_blocked, id=8532, stack(0x00000000233d0000,0x00000000234d0000)]
  0x000000001f742800 JavaThread "Cache worker for cache directory md-rule (C:\Users\Owner\.gradle\caches\5.4.1\md-rule)" [_thread_blocked, id=11444, stack(0x0000000022e10000,0x0000000022f10000)]
  0x000000001f742000 JavaThread "Cache worker for cache directory md-supplier (C:\Users\Owner\.gradle\caches\5.4.1\md-supplier)" [_thread_blocked, id=16256, stack(0x0000000021af0000,0x0000000021bf0000)]
  0x000000001f73c000 JavaThread "Cache worker for file hash cache (C:\Users\Owner\Desktop\Project\main\.gradle\5.4.1\fileHashes)" [_thread_blocked, id=1540, stack(0x000000001c190000,0x000000001c290000)]
  0x000000001f740800 JavaThread "Thread-1569" [_thread_blocked, id=13104, stack(0x000000001c090000,0x000000001c190000)]
  0x000000001f73e000 JavaThread "Stdin handler" [_thread_blocked, id=19064, stack(0x000000001bf90000,0x000000001c090000)]
  0x000000001f73f000 JavaThread "Asynchronous log dispatcher for DefaultDaemonConnection: socket connection from /127.0.0.1:50029 to /127.0.0.1:53000" [_thread_blocked, id=18140, stack(0x000000001bc90000,0x000000001bd90000)]
  0x000000001f739000 JavaThread "Daemon worker Thread 24" [_thread_in_vm, id=15508, stack(0x000000001bb90000,0x000000001bc90000)]
  0x000000001f73a800 JavaThread "Cancel handler" [_thread_blocked, id=10568, stack(0x00000000013f0000,0x00000000014f0000)]
  0x000000001f739800 JavaThread "Handler for socket connection from /127.0.0.1:50029 to /127.0.0.1:53000" [_thread_in_native, id=1500, stack(0x00000000012f0000,0x00000000013f0000)]
  0x000000001f736800 JavaThread "Daemon Thread 24" [_thread_blocked, id=10848, stack(0x00000000011f0000,0x00000000012f0000)]
  0x000000001f73c800 JavaThread "MarlinRenderer Disposer" daemon [_thread_blocked, id=16816, stack(0x000000002b420000,0x000000002b520000)]
  0x000000001f735000 JavaThread "Java2D Disposer" daemon [_thread_blocked, id=1188, stack(0x000000002af10000,0x000000002b010000)]
  0x000000001d027000 JavaThread "Cache worker for Java compile cache (C:\Users\Owner\.gradle\caches\5.4.1\javaCompile)" [_thread_blocked, id=17244, stack(0x00000000282c0000,0x00000000283c0000)]
  0x000000001d01b800 JavaThread "Cache worker for file content cache (C:\Users\Owner\.gradle\caches\5.4.1\fileContent)" [_thread_blocked, id=2276, stack(0x0000000025fd0000,0x00000000260d0000)]
  0x000000001d025800 JavaThread "Memory manager" [_thread_blocked, id=5080, stack(0x0000000025ad0000,0x0000000025bd0000)]
  0x000000001d01f800 JavaThread "Cache worker for execution history cache (C:\Users\Owner\.gradle\caches\5.4.1\executionHistory)" [_thread_blocked, id=15256, stack(0x00000000217f0000,0x00000000218f0000)]
  0x000000001b4b6000 JavaThread "Cache worker for journal cache (C:\Users\Owner\.gradle\caches\journal-1)" [_thread_blocked, id=2928, stack(0x000000001d960000,0x000000001da60000)]
  0x000000001b4b9000 JavaThread "File lock request listener" [_thread_in_native, id=10688, stack(0x000000001d860000,0x000000001d960000)]
  0x000000001b333000 JavaThread "Cache worker for file hash cache (C:\Users\Owner\.gradle\caches\5.4.1\fileHashes)" [_thread_blocked, id=11144, stack(0x000000001d560000,0x000000001d660000)]
  0x000000001b25a800 JavaThread "Daemon periodic checks" [_thread_blocked, id=8528, stack(0x000000001ba90000,0x000000001bb90000)]
  0x000000001b263800 JavaThread "Incoming local TCP Connector on port 50029" [_thread_in_native, id=12592, stack(0x000000001b8b0000,0x000000001b9b0000)]
  0x000000001aec3000 JavaThread "Daemon health stats" [_thread_blocked, id=4176, stack(0x000000001b5b0000,0x000000001b6b0000)]
  0x000000001907a000 JavaThread "Service Thread" daemon [_thread_blocked, id=17392, stack(0x0000000019be0000,0x0000000019ce0000)]
  0x0000000018feb800 JavaThread "C1 CompilerThread3" daemon [_thread_in_vm, id=892, stack(0x0000000019ae0000,0x0000000019be0000)]
  0x0000000018fe3000 JavaThread "C2 CompilerThread2" daemon [_thread_in_native, id=2312, stack(0x00000000199e0000,0x0000000019ae0000)]
=>0x0000000018f8a800 JavaThread "C2 CompilerThread1" daemon [_thread_in_native, id=15144, stack(0x00000000198e0000,0x00000000199e0000)]
  0x0000000018f88000 JavaThread "C2 CompilerThread0" daemon [_thread_in_native, id=17380, stack(0x00000000197e0000,0x00000000198e0000)]
  0x0000000018f87000 JavaThread "Attach Listener" daemon [_thread_blocked, id=17348, stack(0x00000000196e0000,0x00000000197e0000)]
  0x000000001719e800 JavaThread "Signal Dispatcher" daemon [_thread_blocked, id=14468, stack(0x00000000195e0000,0x00000000196e0000)]
  0x00000000033c9000 JavaThread "Finalizer" daemon [_thread_blocked, id=17368, stack(0x0000000019450000,0x0000000019550000)]
  0x00000000033c6800 JavaThread "Reference Handler" daemon [_thread_blocked, id=17388, stack(0x0000000019350000,0x0000000019450000)]
  0x00000000032d2800 JavaThread "main" [_thread_blocked, id=13980, stack(0x0000000002e00000,0x0000000002f00000)]

Other Threads:
  0x0000000017187800 VMThread [stack: 0x0000000018e50000,0x0000000018f50000] [id=17816]
  0x000000001907b000 WatcherThread [stack: 0x0000000019ce0000,0x0000000019de0000] [id=9964]

VM state:synchronizing (normal execution)

VM Mutex/Monitor currently owned by a thread:  ([mutex/lock_event])
[0x00000000015cd9c0] Safepoint_lock - owner thread: 0x0000000017187800
[0x00000000015cd2c0] Threads_lock - owner thread: 0x0000000017187800

heap address: 0x00000000a0000000, size: 1536 MB, Compressed Oops mode: 32-bit
Narrow klass base: 0x0000000000000000, Narrow klass shift: 3
Compressed class space size: 1073741824 Address: 0x0000000100000000

Heap:
 PSYoungGen      total 453632K, used 108644K [0x00000000e0000000, 0x00000000ffa80000, 0x0000000100000000)
  eden space 395776K, 23% used [0x00000000e0000000,0x00000000e5c64bd0,0x00000000f8280000)
  from space 57856K, 24% used [0x00000000fc200000,0x00000000fcfb46c8,0x00000000ffa80000)
  to   space 61440K, 0% used [0x00000000f8280000,0x00000000f8280000,0x00000000fbe80000)
 ParOldGen       total 424960K, used 108881K [0x00000000a0000000, 0x00000000b9f00000, 0x00000000e0000000)
  object space 424960K, 25% used [0x00000000a0000000,0x00000000a6a54690,0x00000000b9f00000)
 Metaspace       used 111098K, capacity 120102K, committed 120320K, reserved 1155072K
  class space    used 13856K, capacity 15319K, committed 15360K, reserved 1048576K

Card table byte_map: [0x0000000012790000,0x0000000012aa0000] byte_map_base: 0x0000000012290000

Marking Bits: (ParMarkBitMap*) 0x000000005e019f30
 Begin Bits: [0x00000000134a0000, 0x0000000014ca0000)
 End Bits:   [0x0000000014ca0000, 0x00000000164a0000)

Polling page: 0x00000000010e0000

CodeCache: size=245760Kb used=94986Kb max_used=95536Kb free=150773Kb
 bounds [0x00000000033d0000, 0x00000000091c0000, 0x00000000123d0000]
 total_blobs=26518 nmethods=25492 adapters=937
 compilation: enabled

Compilation events (10 events):
Event: 5984.353 Thread 0x0000000018feb800 35252       3       org.gradle.api.internal.provider.AbstractMappingProvider::maybeVisitBuildDependencies (11 bytes)
Event: 5984.354 Thread 0x0000000018feb800 nmethod 35252 0x00000000056a6590 code [0x00000000056a6700, 0x00000000056a6928]
Event: 5984.354 Thread 0x0000000018f88000 35251       4       org.gradle.api.internal.artifacts.configurations.DefaultConfiguration$ConfigurationResolvableDependencies$ConfigurationArtifactView::<init> (32 bytes)
Event: 5984.357 Thread 0x0000000018f88000 nmethod 35251 0x0000000005a370d0 code [0x0000000005a37200, 0x0000000005a37298]
Event: 5984.383 Thread 0x0000000018f88000 35253       4       org.gradle.internal.component.local.model.DslOriginDependencyMetadataWrapper::getSelector (10 bytes)
Event: 5984.383 Thread 0x0000000018feb800 35254       3       java.util.BitSet::checkRange (104 bytes)
Event: 5984.384 Thread 0x0000000018feb800 nmethod 35254 0x0000000006063c90 code [0x0000000006063fa0, 0x0000000006065798]
Event: 5984.384 Thread 0x0000000018f88000 nmethod 35253 0x0000000003f32550 code [0x0000000003f326a0, 0x0000000003f32738]
Event: 5984.389 Thread 0x0000000018f88000 35255       4       com.google.common.collect.ImmutableList::subList (38 bytes)
Event: 5984.391 Thread 0x0000000018f88000 nmethod 35255 0x000000000637eb90 code [0x000000000637ece0, 0x000000000637eeb8]

GC Heap History (10 events):
Event: 5560.839 GC heap before
{Heap before GC invocations=70 (full 4):
 PSYoungGen      total 460800K, used 434324K [0x00000000e0000000, 0x0000000100000000, 0x0000000100000000)
  eden space 397312K, 100% used [0x00000000e0000000,0x00000000f8400000,0x00000000f8400000)
  from space 63488K, 58% used [0x00000000f8400000,0x00000000fa825340,0x00000000fc200000)
  to   space 63488K, 0% used [0x00000000fc200000,0x00000000fc200000,0x0000000100000000)
 ParOldGen       total 424960K, used 108841K [0x00000000a0000000, 0x00000000b9f00000, 0x00000000e0000000)
  object space 424960K, 25% used [0x00000000a0000000,0x00000000a6a4a690,0x00000000b9f00000)
 Metaspace       used 109345K, capacity 117714K, committed 118016K, reserved 1153024K
  class space    used 13623K, capacity 14981K, committed 15104K, reserved 1048576K
Event: 5560.854 GC heap after
Heap after GC invocations=70 (full 4):
 PSYoungGen      total 460800K, used 7665K [0x00000000e0000000, 0x0000000100000000, 0x0000000100000000)
  eden space 397312K, 0% used [0x00000000e0000000,0x00000000e0000000,0x00000000f8400000)
  from space 63488K, 12% used [0x00000000fc200000,0x00000000fc97c668,0x0000000100000000)
  to   space 63488K, 0% used [0x00000000f8400000,0x00000000f8400000,0x00000000fc200000)
 ParOldGen       total 424960K, used 108849K [0x00000000a0000000, 0x00000000b9f00000, 0x00000000e0000000)
  object space 424960K, 25% used [0x00000000a0000000,0x00000000a6a4c690,0x00000000b9f00000)
 Metaspace       used 109345K, capacity 117714K, committed 118016K, reserved 1153024K
  class space    used 13623K, capacity 14981K, committed 15104K, reserved 1048576K
}
Event: 5566.786 GC heap before
{Heap before GC invocations=71 (full 4):
 PSYoungGen      total 460800K, used 404977K [0x00000000e0000000, 0x0000000100000000, 0x0000000100000000)
  eden space 397312K, 100% used [0x00000000e0000000,0x00000000f8400000,0x00000000f8400000)
  from space 63488K, 12% used [0x00000000fc200000,0x00000000fc97c668,0x0000000100000000)
  to   space 63488K, 0% used [0x00000000f8400000,0x00000000f8400000,0x00000000fc200000)
 ParOldGen       total 424960K, used 108849K [0x00000000a0000000, 0x00000000b9f00000, 0x00000000e0000000)
  object space 424960K, 25% used [0x00000000a0000000,0x00000000a6a4c690,0x00000000b9f00000)
 Metaspace       used 109836K, capacity 118260K, committed 118528K, reserved 1153024K
  class space    used 13684K, capacity 15073K, committed 15104K, reserved 1048576K
Event: 5566.798 GC heap after
Heap after GC invocations=71 (full 4):
 PSYoungGen      total 409088K, used 11414K [0x00000000e0000000, 0x00000000ffd00000, 0x0000000100000000)
  eden space 397312K, 0% used [0x00000000e0000000,0x00000000e0000000,0x00000000f8400000)
  from space 11776K, 96% used [0x00000000f8400000,0x00000000f8f259d0,0x00000000f8f80000)
  to   space 61952K, 0% used [0x00000000fc080000,0x00000000fc080000,0x00000000ffd00000)
 ParOldGen       total 424960K, used 108857K [0x00000000a0000000, 0x00000000b9f00000, 0x00000000e0000000)
  object space 424960K, 25% used [0x00000000a0000000,0x00000000a6a4e690,0x00000000b9f00000)
 Metaspace       used 109836K, capacity 118260K, committed 118528K, reserved 1153024K
  class space    used 13684K, capacity 15073K, committed 15104K, reserved 1048576K
}
Event: 5727.550 GC heap before
{Heap before GC invocations=72 (full 4):
 PSYoungGen      total 409088K, used 408726K [0x00000000e0000000, 0x00000000ffd00000, 0x0000000100000000)
  eden space 397312K, 100% used [0x00000000e0000000,0x00000000f8400000,0x00000000f8400000)
  from space 11776K, 96% used [0x00000000f8400000,0x00000000f8f259d0,0x00000000f8f80000)
  to   space 61952K, 0% used [0x00000000fc080000,0x00000000fc080000,0x00000000ffd00000)
 ParOldGen       total 424960K, used 108857K [0x00000000a0000000, 0x00000000b9f00000, 0x00000000e0000000)
  object space 424960K, 25% used [0x00000000a0000000,0x00000000a6a4e690,0x00000000b9f00000)
 Metaspace       used 110683K, capacity 119648K, committed 119808K, reserved 1153024K
  class space    used 13817K, capacity 15280K, committed 15360K, reserved 1048576K
Event: 5727.581 GC heap after
Heap after GC invocations=72 (full 4):
 PSYoungGen      total 456192K, used 42394K [0x00000000e0000000, 0x0000000100000000, 0x0000000100000000)
  eden space 394240K, 0% used [0x00000000e0000000,0x00000000e0000000,0x00000000f8100000)
  from space 61952K, 68% used [0x00000000fc080000,0x00000000fe9e6ad0,0x00000000ffd00000)
  to   space 65024K, 0% used [0x00000000f8100000,0x00000000f8100000,0x00000000fc080000)
 ParOldGen       total 424960K, used 108865K [0x00000000a0000000, 0x00000000b9f00000, 0x00000000e0000000)
  object space 424960K, 25% used [0x00000000a0000000,0x00000000a6a50690,0x00000000b9f00000)
 Metaspace       used 110683K, capacity 119648K, committed 119808K, reserved 1153024K
  class space    used 13817K, capacity 15280K, committed 15360K, reserved 1048576K
}
Event: 5805.698 GC heap before
{Heap before GC invocations=73 (full 4):
 PSYoungGen      total 456192K, used 436634K [0x00000000e0000000, 0x0000000100000000, 0x0000000100000000)
  eden space 394240K, 100% used [0x00000000e0000000,0x00000000f8100000,0x00000000f8100000)
  from space 61952K, 68% used [0x00000000fc080000,0x00000000fe9e6ad0,0x00000000ffd00000)
  to   space 65024K, 0% used [0x00000000f8100000,0x00000000f8100000,0x00000000fc080000)
 ParOldGen       total 424960K, used 108865K [0x00000000a0000000, 0x00000000b9f00000, 0x00000000e0000000)
  object space 424960K, 25% used [0x00000000a0000000,0x00000000a6a50690,0x00000000b9f00000)
 Metaspace       used 110782K, capacity 119712K, committed 119808K, reserved 1153024K
  class space    used 13817K, capacity 15280K, committed 15360K, reserved 1048576K
Event: 5805.709 GC heap after
Heap after GC invocations=73 (full 4):
 PSYoungGen      total 459264K, used 12063K [0x00000000e0000000, 0x0000000100000000, 0x0000000100000000)
  eden space 394240K, 0% used [0x00000000e0000000,0x00000000e0000000,0x00000000f8100000)
  from space 65024K, 18% used [0x00000000f8100000,0x00000000f8cc7eb0,0x00000000fc080000)
  to   space 63488K, 0% used [0x00000000fc200000,0x00000000fc200000,0x0000000100000000)
 ParOldGen       total 424960K, used 108873K [0x00000000a0000000, 0x00000000b9f00000, 0x00000000e0000000)
  object space 424960K, 25% used [0x00000000a0000000,0x00000000a6a52690,0x00000000b9f00000)
 Metaspace       used 110782K, capacity 119712K, committed 119808K, reserved 1153024K
  class space    used 13817K, capacity 15280K, committed 15360K, reserved 1048576K
}
Event: 5869.889 GC heap before
{Heap before GC invocations=74 (full 4):
 PSYoungGen      total 459264K, used 406303K [0x00000000e0000000, 0x0000000100000000, 0x0000000100000000)
  eden space 394240K, 100% used [0x00000000e0000000,0x00000000f8100000,0x00000000f8100000)
  from space 65024K, 18% used [0x00000000f8100000,0x00000000f8cc7eb0,0x00000000fc080000)
  to   space 63488K, 0% used [0x00000000fc200000,0x00000000fc200000,0x0000000100000000)
 ParOldGen       total 424960K, used 108873K [0x00000000a0000000, 0x00000000b9f00000, 0x00000000e0000000)
  object space 424960K, 25% used [0x00000000a0000000,0x00000000a6a52690,0x00000000b9f00000)
 Metaspace       used 110905K, capacity 119906K, committed 120064K, reserved 1155072K
  class space    used 13826K, capacity 15297K, committed 15360K, reserved 1048576K
Event: 5869.905 GC heap after
Heap after GC invocations=74 (full 4):
 PSYoungGen      total 453632K, used 14033K [0x00000000e0000000, 0x00000000ffa80000, 0x0000000100000000)
  eden space 395776K, 0% used [0x00000000e0000000,0x00000000e0000000,0x00000000f8280000)
  from space 57856K, 24% used [0x00000000fc200000,0x00000000fcfb46c8,0x00000000ffa80000)
  to   space 61440K, 0% used [0x00000000f8280000,0x00000000f8280000,0x00000000fbe80000)
 ParOldGen       total 424960K, used 108881K [0x00000000a0000000, 0x00000000b9f00000, 0x00000000e0000000)
  object space 424960K, 25% used [0x00000000a0000000,0x00000000a6a54690,0x00000000b9f00000)
 Metaspace       used 110905K, capacity 119906K, committed 120064K, reserved 1155072K
  class space    used 13826K, capacity 15297K, committed 15360K, reserved 1048576K
}

Deoptimization events (10 events):
Event: 5870.328 Thread 0x000000001f73a800 Uncommon trap: reason=class_check action=maybe_recompile pc=0x0000000003561368 method=java.lang.String.equals(Ljava/lang/Object;)Z @ 8
Event: 5870.328 Thread 0x000000001f73a800 Uncommon trap: reason=class_check action=maybe_recompile pc=0x0000000003561368 method=java.lang.String.equals(Ljava/lang/Object;)Z @ 8
Event: 5870.328 Thread 0x000000001f73a800 Uncommon trap: reason=class_check action=maybe_recompile pc=0x0000000003561368 method=java.lang.String.equals(Ljava/lang/Object;)Z @ 8
Event: 5870.330 Thread 0x000000001f73a800 Uncommon trap: reason=unstable_if action=reinterpret pc=0x0000000007abe138 method=java.util.AbstractList.equals(Ljava/lang/Object;)Z @ 11
Event: 5870.331 Thread 0x000000001f73a800 Uncommon trap: reason=bimorphic action=maybe_recompile pc=0x00000000051ec934 method=java.util.concurrent.CopyOnWriteArrayList.indexOf(Ljava/lang/Object;[Ljava/lang/Object;II)I @ 46
Event: 5870.331 Thread 0x000000001f73a800 Uncommon trap: reason=bimorphic action=maybe_recompile pc=0x00000000051ec934 method=java.util.concurrent.CopyOnWriteArrayList.indexOf(Ljava/lang/Object;[Ljava/lang/Object;II)I @ 46
Event: 5870.331 Thread 0x000000001f73a800 Uncommon trap: reason=bimorphic action=maybe_recompile pc=0x00000000051ec934 method=java.util.concurrent.CopyOnWriteArrayList.indexOf(Ljava/lang/Object;[Ljava/lang/Object;II)I @ 46
Event: 5870.331 Thread 0x000000001f73a800 Uncommon trap: reason=bimorphic action=maybe_recompile pc=0x00000000051ec934 method=java.util.concurrent.CopyOnWriteArrayList.indexOf(Ljava/lang/Object;[Ljava/lang/Object;II)I @ 46
Event: 5870.337 Thread 0x000000001f73a800 Uncommon trap: reason=unstable_if action=reinterpret pc=0x00000000063b273c method=java.io.ObjectStreamField.getClassSignature(Ljava/lang/Class;)Ljava/lang/String; @ 58
Event: 5870.338 Thread 0x000000001f73a800 Uncommon trap: reason=unstable_if action=reinterpret pc=0x0000000006eb0fc4 method=java.lang.Package.getPackage(Ljava/lang/Class;)Ljava/lang/Package; @ 14

Classes redefined (0 events):
No events

Internal exceptions (10 events):
Event: 5805.845 Thread 0x00000000209db000 Exception <a 'sun/nio/fs/WindowsException'> (0x00000000e22a94e8) thrown at [D:\src\AOSP-openjdk-cygwin\jdk8u\hotspot\src\share\vm\prims\jni.cpp, line 710]
Event: 5805.852 Thread 0x00000000209db000 Exception <a 'sun/nio/fs/WindowsException'> (0x00000000e2402b80) thrown at [D:\src\AOSP-openjdk-cygwin\jdk8u\hotspot\src\share\vm\prims\jni.cpp, line 710]
Event: 5805.952 Thread 0x00000000209e4000 Exception <a 'sun/nio/fs/WindowsException'> (0x00000000e2bfbc30) thrown at [D:\src\AOSP-openjdk-cygwin\jdk8u\hotspot\src\share\vm\prims\jni.cpp, line 710]
Event: 5806.392 Thread 0x000000001d024000 Exception <a 'sun/nio/fs/WindowsException'> (0x00000000e92f4de0) thrown at [D:\src\AOSP-openjdk-cygwin\jdk8u\hotspot\src\share\vm\prims\jni.cpp, line 710]
Event: 5806.626 Thread 0x000000001f73a800 Exception <a 'sun/nio/fs/WindowsException'> (0x00000000ea69b4a8) thrown at [D:\src\AOSP-openjdk-cygwin\jdk8u\hotspot\src\share\vm\prims\jni.cpp, line 710]
Event: 5828.138 Thread 0x000000001f73a800 Exception <a 'sun/nio/fs/WindowsException'> (0x00000000f0d24860) thrown at [D:\src\AOSP-openjdk-cygwin\jdk8u\hotspot\src\share\vm\prims\jni.cpp, line 710]
Event: 5870.278 Thread 0x00000000209de000 Exception <a 'java/lang/NoSuchMethodError': <clinit>> (0x00000000e0433e18) thrown at [D:\src\AOSP-openjdk-cygwin\jdk8u\hotspot\src\share\vm\prims\jni.cpp, line 1614]
Event: 5870.279 Thread 0x00000000209de000 Exception <a 'java/lang/NoSuchMethodError': <clinit>> (0x00000000e38ba3e0) thrown at [D:\src\AOSP-openjdk-cygwin\jdk8u\hotspot\src\share\vm\prims\jni.cpp, line 1614]
Event: 5870.297 Thread 0x00000000209de000 Exception <a 'java/lang/NoSuchMethodError': <clinit>> (0x00000000e38c8548) thrown at [D:\src\AOSP-openjdk-cygwin\jdk8u\hotspot\src\share\vm\prims\jni.cpp, line 1614]
Event: 5870.307 Thread 0x000000001f73a800 Exception <a 'sun/nio/fs/WindowsException'> (0x00000000e3b67990) thrown at [D:\src\AOSP-openjdk-cygwin\jdk8u\hotspot\src\share\vm\prims\jni.cpp, line 710]

Events (10 events):
Event: 5984.329 Thread 0x0000000018f8a800 flushing nmethod 0x0000000004bba210
Event: 5984.329 Thread 0x0000000018f8a800 flushing nmethod 0x0000000004bc4f10
Event: 5984.331 Thread 0x0000000018f8a800 flushing nmethod 0x0000000004e2c3d0
Event: 5984.334 Thread 0x0000000018f8a800 flushing nmethod 0x0000000005382f50
Event: 5984.338 Thread 0x0000000018f8a800 flushing nmethod 0x00000000054cd650
Event: 5984.339 Thread 0x0000000018f8a800 flushing nmethod 0x000000000560cd90
Event: 5984.339 Thread 0x0000000018f8a800 flushing nmethod 0x00000000056a6590
Event: 5984.348 Thread 0x0000000018feb800 flushing nmethod 0x0000000006216b90
Event: 5984.352 Thread 0x0000000018f88000 flushing nmethod 0x0000000006682f50
Event: 5984.352 Thread 0x000000001e13b000 Thread added: 0x000000001e13b000


Dynamic libraries:
0x00007ff634040000 - 0x00007ff634071000 	C:\Program Files\Android\Android Studio\jre\bin\java.exe
0x00007ffe08520000 - 0x00007ffe08710000 	C:\Windows\SYSTEM32\ntdll.dll
0x00007ffe08090000 - 0x00007ffe08142000 	C:\Windows\System32\KERNEL32.DLL
0x00007ffe054b0000 - 0x00007ffe05755000 	C:\Windows\System32\KERNELBASE.dll
0x00007ffe067b0000 - 0x00007ffe06853000 	C:\Windows\System32\ADVAPI32.dll
0x00007ffe071a0000 - 0x00007ffe0723e000 	C:\Windows\System32\msvcrt.dll
0x00007ffe06710000 - 0x00007ffe067a7000 	C:\Windows\System32\sechost.dll
0x00007ffe06cd0000 - 0x00007ffe06df0000 	C:\Windows\System32\RPCRT4.dll
0x00007ffe06ec0000 - 0x00007ffe07054000 	C:\Windows\System32\USER32.dll
0x00007ffe05860000 - 0x00007ffe05881000 	C:\Windows\System32\win32u.dll
0x00007ffe07110000 - 0x00007ffe07136000 	C:\Windows\System32\GDI32.dll
0x00007ffe05930000 - 0x00007ffe05ac6000 	C:\Windows\System32\gdi32full.dll
0x00007ffe05ad0000 - 0x00007ffe05b6e000 	C:\Windows\System32\msvcp_win.dll
0x00007ffe05760000 - 0x00007ffe0585a000 	C:\Windows\System32\ucrtbase.dll
0x00007ffdf2830000 - 0x00007ffdf2ab4000 	C:\Windows\WinSxS\amd64_microsoft.windows.common-controls_6595b64144ccf1df_6.0.18362.1139_none_9e7bf2d3e4605ac6\COMCTL32.dll
0x00007ffe07c60000 - 0x00007ffe07f95000 	C:\Windows\System32\combase.dll
0x00007ffe05890000 - 0x00007ffe05910000 	C:\Windows\System32\bcryptPrimitives.dll
0x00007ffe07480000 - 0x00007ffe074ae000 	C:\Windows\System32\IMM32.DLL
0x000000005e150000 - 0x000000005e222000 	C:\Program Files\Android\Android Studio\jre\jre\bin\msvcr100.dll
0x000000005d850000 - 0x000000005e096000 	C:\Program Files\Android\Android Studio\jre\jre\bin\server\jvm.dll
0x00007ffe082b0000 - 0x00007ffe082b8000 	C:\Windows\System32\PSAPI.DLL
0x00007ffde55a0000 - 0x00007ffde55a9000 	C:\Windows\SYSTEM32\WSOCK32.dll
0x00007ffdfc660000 - 0x00007ffdfc66a000 	C:\Windows\SYSTEM32\VERSION.dll
0x00007ffe02de0000 - 0x00007ffe02e04000 	C:\Windows\SYSTEM32\WINMM.dll
0x00007ffe07410000 - 0x00007ffe0747f000 	C:\Windows\System32\WS2_32.dll
0x00007ffe02db0000 - 0x00007ffe02ddd000 	C:\Windows\SYSTEM32\WINMMBASE.dll
0x00007ffe05cc0000 - 0x00007ffe05d0a000 	C:\Windows\System32\cfgmgr32.dll
0x00007ffe030c0000 - 0x00007ffe030cf000 	C:\Program Files\Android\Android Studio\jre\jre\bin\verify.dll
0x00007ffe00800000 - 0x00007ffe00829000 	C:\Program Files\Android\Android Studio\jre\jre\bin\java.dll
0x00007ffdfdda0000 - 0x00007ffdfddb6000 	C:\Program Files\Android\Android Studio\jre\jre\bin\zip.dll
0x00007ffe07570000 - 0x00007ffe07c57000 	C:\Windows\System32\SHELL32.dll
0x00007ffe07060000 - 0x00007ffe07109000 	C:\Windows\System32\shcore.dll
0x00007ffe05d70000 - 0x00007ffe064f0000 	C:\Windows\System32\windows.storage.dll
0x00007ffe05410000 - 0x00007ffe05433000 	C:\Windows\System32\profapi.dll
0x00007ffe05460000 - 0x00007ffe054aa000 	C:\Windows\System32\powrprof.dll
0x00007ffe053e0000 - 0x00007ffe053f0000 	C:\Windows\System32\UMPDC.dll
0x00007ffe07140000 - 0x00007ffe07192000 	C:\Windows\System32\shlwapi.dll
0x00007ffe05440000 - 0x00007ffe05451000 	C:\Windows\System32\kernel.appcore.dll
0x00007ffe05910000 - 0x00007ffe05927000 	C:\Windows\System32\cryptsp.dll
0x00007ffded7f0000 - 0x00007ffded80a000 	C:\Program Files\Android\Android Studio\jre\jre\bin\net.dll
0x00007ffe04c30000 - 0x00007ffe04c97000 	C:\Windows\system32\mswsock.dll
0x00007ffde4190000 - 0x00007ffde41a1000 	C:\Program Files\Android\Android Studio\jre\jre\bin\nio.dll
0x00007ffdd9a00000 - 0x00007ffdd9a26000 	C:\Users\Owner\.gradle\native\29\windows-amd64\native-platform.dll
0x00007ffdfdd90000 - 0x00007ffdfdd9d000 	C:\Program Files\Android\Android Studio\jre\jre\bin\management.dll
0x00007ffe047a0000 - 0x00007ffe047d3000 	C:\Windows\system32\rsaenh.dll
0x00007ffe065a0000 - 0x00007ffe065c6000 	C:\Windows\System32\bcrypt.dll
0x00007ffe05300000 - 0x00007ffe05325000 	C:\Windows\SYSTEM32\USERENV.dll
0x00007ffe04e00000 - 0x00007ffe04e0c000 	C:\Windows\SYSTEM32\CRYPTBASE.dll
0x00007ffe04940000 - 0x00007ffe0497a000 	C:\Windows\SYSTEM32\IPHLPAPI.DLL
0x00007ffe074b0000 - 0x00007ffe074b8000 	C:\Windows\System32\NSI.dll
0x00007ffdfd900000 - 0x00007ffdfd916000 	C:\Windows\SYSTEM32\dhcpcsvc6.DLL
0x00007ffdfd170000 - 0x00007ffdfd18c000 	C:\Windows\SYSTEM32\dhcpcsvc.DLL
0x00007ffe04980000 - 0x00007ffe04a4b000 	C:\Windows\SYSTEM32\DNSAPI.dll
0x00007ffdd9b00000 - 0x00007ffdd9b24000 	C:\Program Files\Android\Android Studio\jre\jre\bin\sunec.dll
0x00007ffdfcf90000 - 0x00007ffdfcf9a000 	C:\Windows\System32\rasadhlp.dll
0x00007ffdfaec0000 - 0x00007ffdfaf37000 	C:\Windows\System32\fwpuclnt.dll
0x00007ffde4140000 - 0x00007ffde414b000 	C:\Program Files\Android\Android Studio\jre\jre\bin\sunmscapi.dll
0x00007ffe05b70000 - 0x00007ffe05cb9000 	C:\Windows\System32\CRYPT32.dll
0x00007ffe053f0000 - 0x00007ffe05402000 	C:\Windows\System32\MSASN1.dll
0x00007ffdd9d80000 - 0x00007ffdd9f1c000 	C:\Program Files\Android\Android Studio\jre\jre\bin\awt.dll
0x00007ffe083a0000 - 0x00007ffe08465000 	C:\Windows\System32\OLEAUT32.dll
0x00007ffe03830000 - 0x00007ffe0385d000 	C:\Windows\SYSTEM32\dwmapi.dll
0x00007ffe01480000 - 0x00007ffe01a40000 	C:\Windows\SYSTEM32\d2d1.dll
0x00007ffe03210000 - 0x00007ffe0329f000 	C:\Windows\SYSTEM32\apphelp.dll
0x00007ffe03310000 - 0x00007ffe033a9000 	C:\Windows\system32\uxtheme.dll
0x00007ffe03d80000 - 0x00007ffe03f74000 	C:\Windows\SYSTEM32\dbghelp.dll

VM Arguments:
jvm_args: -Xmx1536m -Dfile.encoding=x-windows-949 -Duser.country=KR -Duser.language=ko -Duser.variant 
java_command: org.gradle.launcher.daemon.bootstrap.GradleDaemon 5.4.1
java_class_path (initial): C:\Users\Owner\.gradle\wrapper\dists\gradle-5.4.1-all\3221gyojl5jsh0helicew7rwx\gradle-5.4.1\lib\gradle-launcher-5.4.1.jar
Launcher Type: SUN_STANDARD

Environment Variables:
JAVA_HOME=C:\Program Files\Android\Android Studio\jre
PATH=C:\app\Owner\product\11.2.0\dbhome_1\bin;C:\Program Files (x86)\Common Files\Oracle\Java\javapath;C:\windows\system32;C:\windows;C:\windows\System32\Wbem;C:\windows\System32\WindowsPowerShell\v1.0\;C:\windows\System32\OpenSSH\;C:\Program Files (x86)\NVIDIA Corporation\PhysX\Common;C:\Program Files\NVIDIA Corporation\NVIDIA NvDLISR;C:\Program Files\Intel\WiFi\bin\;C:\Program Files\Common Files\Intel\WirelessCommon\;C:\Users\Owner\AppData\Local\Android\Sdk\platform-tools;C:\Program Files\Android\Android Studio\jre\bin;C:\Program Files\Android\Android Studio\jre\bin;C:\Program Files\PuTTY\;C:\Program Files\nodejs\;C:\Users\Owner\Downloads\Apache-Subversion-1.14.0\bin;C:\Users\Owner\AppData\Local\Programs\Python\Python38-32\Scripts;C:\Program Files\Java\jre1.8.0_251\bin;C:\OpenSSL\bin;C:\Program Files\Git\cmd;c:\Program Files (x86)\Microsoft SQL Server\100\Tools\Binn\;c:\Program Files\Microsoft SQL Server\100\Tools\Binn\;c:\Program Files\Microsoft SQL Server\100\DTS\Binn\;C:\Users\Owner\AppData\Local\Programs\Python\Python38\Scripts\pip.exe;C:\Program Files\MySQL\MySQL Shell 8.0\bin\;C:\Users\Owner\AppData\Local\Microsoft\WindowsApps;C:\Users\Owner\AppData\Roaming\npm;C:\Users\Owner\AppData\Local\Programs\Microsoft VS Code\bin
USERNAME=Owner
OS=Windows_NT
PROCESSOR_IDENTIFIER=Intel64 Family 6 Model 126 Stepping 5, GenuineIntel



---------------  S Y S T E M  ---------------

OS: Windows 10.0 , 64 bit Build 18362 (10.0.18362.1110)

CPU:total 8 (initial active 8) (4 cores per cpu, 2 threads per core) family 6 model 126 stepping 5, cmov, cx8, fxsr, mmx, sse, sse2, sse3, ssse3, sse4.1, sse4.2, popcnt, avx, avx2, aes, clmul, erms, 3dnowpref, lzcnt, ht, tsc, tscinvbit, bmi1, bmi2, adx

Memory: 4k page, physical 16533204k(5568780k free), swap 22225868k(2628020k free)

vm_info: OpenJDK 64-Bit Server VM (25.202-b03) for windows-amd64 JRE (1.8.0_202-release-1483-b03), built by "builder" with MS VC++ 10.0 (VS2010)

time: Sun Nov 08 13:44:58 2020
timezone: 대한민국 표준시
elapsed time: 5984 seconds (0d 1h 39m 44s)

